<?xml version="1.0" encoding="UTF-8"?>
<!-- Generated by org.testng.reporters.JUnitReportReporter -->
<testsuite hostname="DESKTOP-S1MQ5B3" failures="0" tests="6" name="com.qa.testlayer.TestScripts_01" time="55.410" errors="0" timestamp="08 Aug 2023 03:20:09 GMT" skipped="0">
  <testcase classname="com.qa.testlayer.TestScripts_01" name="validateFormSection" time="8.349"/>
  <testcase classname="com.qa.testlayer.TestScripts_01" name="validateFormSection" time="9.986"/>
  <testcase classname="com.qa.testlayer.TestScripts_01" name="validateFormSection" time="9.423"/>
  <testcase classname="com.qa.testlayer.TestScripts_01" name="validateTitlePage" time="10.634"/>
  <testcase classname="com.qa.testlayer.TestScripts_01" name="validateLinkText" time="8.767"/>
  <testcase classname="com.qa.testlayer.TestScripts_01" name="validateFormSection" time="8.251"/>
</testsuite> <!-- com.qa.testlayer.TestScripts_01 -->
