<?xml version="1.0" encoding="UTF-8"?>
<!-- Generated by org.testng.reporters.JUnitReportReporter -->
<testsuite hostname="DESKTOP-S1MQ5B3" failures="0" tests="2" name="com.qa.testlayer.TestScripts_02" time="27.519" errors="0" timestamp="02 Aug 2023 03:24:56 GMT" skipped="0">
  <testcase classname="com.qa.testlayer.TestScripts_02" name="validateSingleDropDown" time="13.173"/>
  <testcase classname="com.qa.testlayer.TestScripts_02" name="validateMultiDropDown" time="14.346"/>
</testsuite> <!-- com.qa.testlayer.TestScripts_02 -->
